{"numFailedTestSuites":7,"numFailedTests":0,"numPassedTestSuites":2,"numPassedTests":9,"numPendingTestSuites":0,"numPendingTests":0,"numRuntimeErrorTestSuites":7,"numTodoTests":0,"numTotalTestSuites":9,"numTotalTests":9,"openHandles":[],"snapshot":{"added":0,"didUpdate":false,"failure":false,"filesAdded":0,"filesRemoved":0,"filesRemovedList":[],"filesUnmatched":0,"filesUpdated":0,"matched":0,"total":0,"unchecked":0,"uncheckedKeysByFile":[],"unmatched":0,"updated":0},"startTime":1614870368783,"success":false,"testResults":[{"assertionResults":[],"coverage":{},"endTime":1614870373671,"message":"  \u001b[1m● \u001b[22mTest suite failed to run\n\n    Your test suite must contain at least one test.\n\n      \u001b[2mat onResult (\u001b[22mnode_modules/@jest/core/build/TestScheduler.js\u001b[2m:175:18)\u001b[22m\n      \u001b[2mat \u001b[22mnode_modules/@jest/core/build/TestScheduler.js\u001b[2m:304:17\u001b[22m\n      \u001b[2mat \u001b[22mnode_modules/emittery/index.js\u001b[2m:260:13\u001b[22m\n          at Array.map (<anonymous>)\n      \u001b[2mat Emittery.Typed.emit (\u001b[22mnode_modules/emittery/index.js\u001b[2m:258:23)\u001b[22m\n","name":"C:\\Users\\judyt\\OneDrive\\Desktop\\algoclash\\tsCompiled\\__tests__\\Modal.d.ts","startTime":1614870373671,"status":"failed","summary":""},{"assertionResults":[],"coverage":{},"endTime":1614870373671,"message":"  \u001b[1m● \u001b[22mTest suite failed to run\n\n    Your test suite must contain at least one test.\n\n      \u001b[2mat onResult (\u001b[22mnode_modules/@jest/core/build/TestScheduler.js\u001b[2m:175:18)\u001b[22m\n      \u001b[2mat \u001b[22mnode_modules/@jest/core/build/TestScheduler.js\u001b[2m:304:17\u001b[22m\n      \u001b[2mat \u001b[22mnode_modules/emittery/index.js\u001b[2m:260:13\u001b[22m\n          at Array.map (<anonymous>)\n      \u001b[2mat Emittery.Typed.emit (\u001b[22mnode_modules/emittery/index.js\u001b[2m:258:23)\u001b[22m\n","name":"C:\\Users\\judyt\\OneDrive\\Desktop\\algoclash\\tsCompiled\\__tests__\\Editor.d.ts","startTime":1614870373671,"status":"failed","summary":""},{"assertionResults":[],"coverage":{},"endTime":1614870373671,"message":"  \u001b[1m● \u001b[22mTest suite failed to run\n\n    Your test suite must contain at least one test.\n\n      \u001b[2mat onResult (\u001b[22mnode_modules/@jest/core/build/TestScheduler.js\u001b[2m:175:18)\u001b[22m\n      \u001b[2mat \u001b[22mnode_modules/@jest/core/build/TestScheduler.js\u001b[2m:304:17\u001b[22m\n      \u001b[2mat \u001b[22mnode_modules/emittery/index.js\u001b[2m:260:13\u001b[22m\n          at Array.map (<anonymous>)\n      \u001b[2mat Emittery.Typed.emit (\u001b[22mnode_modules/emittery/index.js\u001b[2m:258:23)\u001b[22m\n","name":"C:\\Users\\judyt\\OneDrive\\Desktop\\algoclash\\tsCompiled\\__tests__\\App.d.ts","startTime":1614870373671,"status":"failed","summary":""},{"assertionResults":[{"ancestorTitles":["Modal tests","Modal should render without props"],"failureMessages":[],"fullName":"Modal tests Modal should render without props should render 3 divs","location":null,"status":"passed","title":"should render 3 divs"},{"ancestorTitles":["Modal tests","Modal should render with passed-in props"],"failureMessages":[],"fullName":"Modal tests Modal should render with passed-in props should render passed in content","location":null,"status":"passed","title":"should render passed in content"},{"ancestorTitles":["Modal tests","Modal should render with passed-in props"],"failureMessages":[],"fullName":"Modal tests Modal should render with passed-in props should return a header displaying the passed in title","location":null,"status":"passed","title":"should return a header displaying the passed in title"}],"endTime":1614870373256,"message":"","name":"C:\\Users\\judyt\\OneDrive\\Desktop\\algoclash\\__tests__\\Modal.js","startTime":1614870370672,"status":"passed","summary":""},{"assertionResults":[{"ancestorTitles":["Editor tests","Editor should render without props"],"failureMessages":[],"fullName":"Editor tests Editor should render without props should return a div wrapper of class .ide","location":null,"status":"passed","title":"should return a div wrapper of class .ide"},{"ancestorTitles":["Editor tests","Editor should render without props"],"failureMessages":[],"fullName":"Editor tests Editor should render without props should render 3 divs","location":null,"status":"passed","title":"should render 3 divs"},{"ancestorTitles":["Editor tests","Editor should render without props"],"failureMessages":[],"fullName":"Editor tests Editor should render without props should container CodeMirror editor","location":null,"status":"passed","title":"should container CodeMirror editor"},{"ancestorTitles":["Editor tests","Editor should render with passed-in props"],"failureMessages":[],"fullName":"Editor tests Editor should render with passed-in props should return a div wrapper of class .ide","location":null,"status":"passed","title":"should return a div wrapper of class .ide"},{"ancestorTitles":["Editor tests","Editor should render with passed-in props"],"failureMessages":[],"fullName":"Editor tests Editor should render with passed-in props should return a header displaying the passed in username","location":null,"status":"passed","title":"should return a header displaying the passed in username"},{"ancestorTitles":["Editor tests","Editor should change functionality based on state"],"failureMessages":[],"fullName":"Editor tests Editor should change functionality based on state class should reflect user","location":null,"status":"passed","title":"class should reflect user"}],"endTime":1614870373314,"message":"","name":"C:\\Users\\judyt\\OneDrive\\Desktop\\algoclash\\__tests__\\Editor.js","startTime":1614870370679,"status":"passed","summary":""},{"assertionResults":[],"coverage":{},"endTime":1614870373671,"message":"  \u001b[1m● \u001b[22mTest suite failed to run\n\n    Cannot find module '../client/Modal.tsx' from 'tsCompiled/__tests__/Modal.js'\n\n    \u001b[0m \u001b[90m 3 |\u001b[39m \u001b[36mimport\u001b[39m \u001b[33mAdapter\u001b[39m \u001b[36mfrom\u001b[39m \u001b[32m'enzyme-adapter-react-16'\u001b[39m\u001b[33m;\u001b[39m\u001b[0m\n    \u001b[0m \u001b[90m 4 |\u001b[39m\u001b[0m\n    \u001b[0m\u001b[31m\u001b[1m>\u001b[22m\u001b[39m\u001b[90m 5 |\u001b[39m \u001b[36mimport\u001b[39m \u001b[33mModal\u001b[39m \u001b[36mfrom\u001b[39m \u001b[32m'../client/Modal.tsx'\u001b[39m\u001b[33m;\u001b[39m\u001b[0m\n    \u001b[0m \u001b[90m   |\u001b[39m \u001b[31m\u001b[1m^\u001b[22m\u001b[39m\u001b[0m\n    \u001b[0m \u001b[90m 6 |\u001b[39m\u001b[0m\n    \u001b[0m \u001b[90m 7 |\u001b[39m configure({ adapter\u001b[33m:\u001b[39m \u001b[36mnew\u001b[39m \u001b[33mAdapter\u001b[39m() })\u001b[33m;\u001b[39m\u001b[0m\n    \u001b[0m \u001b[90m 8 |\u001b[39m describe(\u001b[32m'Modal tests'\u001b[39m\u001b[33m,\u001b[39m () \u001b[33m=>\u001b[39m {\u001b[0m\n\n      \u001b[2mat Resolver.resolveModule (\u001b[22mnode_modules/jest-resolve/build/index.js\u001b[2m:306:11)\u001b[22m\n      \u001b[2mat Object.<anonymous> (\u001b[22m\u001b[0m\u001b[36m__tests__/Modal.js\u001b[39m\u001b[0m\u001b[2m:5:1)\u001b[22m\n","name":"C:\\Users\\judyt\\OneDrive\\Desktop\\algoclash\\tsCompiled\\__tests__\\Modal.js","startTime":1614870373671,"status":"failed","summary":""},{"assertionResults":[],"coverage":{},"endTime":1614870373671,"message":"  \u001b[1m● \u001b[22mTest suite failed to run\n\n    Cannot find module '../client/Editor.tsx' from 'tsCompiled/__tests__/Editor.js'\n\n    \u001b[0m \u001b[90m 3 |\u001b[39m \u001b[36mimport\u001b[39m \u001b[33mAdapter\u001b[39m \u001b[36mfrom\u001b[39m \u001b[32m'enzyme-adapter-react-16'\u001b[39m\u001b[33m;\u001b[39m\u001b[0m\n    \u001b[0m \u001b[90m 4 |\u001b[39m\u001b[0m\n    \u001b[0m\u001b[31m\u001b[1m>\u001b[22m\u001b[39m\u001b[90m 5 |\u001b[39m \u001b[36mimport\u001b[39m \u001b[33mEditor\u001b[39m \u001b[36mfrom\u001b[39m \u001b[32m'../client/Editor.tsx'\u001b[39m\u001b[33m;\u001b[39m\u001b[0m\n    \u001b[0m \u001b[90m   |\u001b[39m \u001b[31m\u001b[1m^\u001b[22m\u001b[39m\u001b[0m\n    \u001b[0m \u001b[90m 6 |\u001b[39m \u001b[36mimport\u001b[39m \u001b[33mCodeMirror\u001b[39m \u001b[36mfrom\u001b[39m \u001b[32m'@skidding/react-codemirror'\u001b[39m\u001b[33m;\u001b[39m\u001b[0m\n    \u001b[0m \u001b[90m 7 |\u001b[39m\u001b[0m\n    \u001b[0m \u001b[90m 8 |\u001b[39m configure({ adapter\u001b[33m:\u001b[39m \u001b[36mnew\u001b[39m \u001b[33mAdapter\u001b[39m() })\u001b[33m;\u001b[39m\u001b[0m\n\n      \u001b[2mat Resolver.resolveModule (\u001b[22mnode_modules/jest-resolve/build/index.js\u001b[2m:306:11)\u001b[22m\n      \u001b[2mat Object.<anonymous> (\u001b[22m\u001b[0m\u001b[36m__tests__/Editor.js\u001b[39m\u001b[0m\u001b[2m:5:1)\u001b[22m\n","name":"C:\\Users\\judyt\\OneDrive\\Desktop\\algoclash\\tsCompiled\\__tests__\\Editor.js","startTime":1614870373671,"status":"failed","summary":""},{"assertionResults":[],"coverage":{},"endTime":1614870373671,"message":"  \u001b[1m● \u001b[22mTest suite failed to run\n\n    Cannot find module '../client/App.tsx' from 'tsCompiled/__tests__/App.js'\n\n    \u001b[0m \u001b[90m 3 |\u001b[39m \u001b[36mimport\u001b[39m \u001b[33mAdapter\u001b[39m \u001b[36mfrom\u001b[39m \u001b[32m'enzyme-adapter-react-16'\u001b[39m\u001b[33m;\u001b[39m\u001b[0m\n    \u001b[0m \u001b[90m 4 |\u001b[39m\u001b[0m\n    \u001b[0m\u001b[31m\u001b[1m>\u001b[22m\u001b[39m\u001b[90m 5 |\u001b[39m \u001b[36mimport\u001b[39m \u001b[33mApp\u001b[39m \u001b[36mfrom\u001b[39m \u001b[32m'../client/App.tsx'\u001b[39m\u001b[33m;\u001b[39m\u001b[0m\n    \u001b[0m \u001b[90m   |\u001b[39m \u001b[31m\u001b[1m^\u001b[22m\u001b[39m\u001b[0m\n    \u001b[0m \u001b[90m 6 |\u001b[39m\u001b[0m\n    \u001b[0m \u001b[90m 7 |\u001b[39m configure({ adapter\u001b[33m:\u001b[39m \u001b[36mnew\u001b[39m \u001b[33mAdapter\u001b[39m() })\u001b[33m;\u001b[39m\u001b[0m\n    \u001b[0m \u001b[90m 8 |\u001b[39m describe(\u001b[32m'App tests'\u001b[39m\u001b[33m,\u001b[39m () \u001b[33m=>\u001b[39m {\u001b[0m\n\n      \u001b[2mat Resolver.resolveModule (\u001b[22mnode_modules/jest-resolve/build/index.js\u001b[2m:306:11)\u001b[22m\n      \u001b[2mat Object.<anonymous> (\u001b[22m\u001b[0m\u001b[36m__tests__/App.js\u001b[39m\u001b[0m\u001b[2m:5:1)\u001b[22m\n","name":"C:\\Users\\judyt\\OneDrive\\Desktop\\algoclash\\tsCompiled\\__tests__\\App.js","startTime":1614870373671,"status":"failed","summary":""},{"assertionResults":[],"coverage":{},"endTime":1614870373671,"message":"  \u001b[1m● \u001b[22mTest suite failed to run\n\n    Cannot find module '../json/jest-results.json' from 'client/Console.tsx'\n\n    Require stack:\n      client/Console.tsx\n      client/App.tsx\n      __tests__/App.js\n\n    \u001b[0m \u001b[90m 1 |\u001b[39m \u001b[36mimport\u001b[39m \u001b[33mReact\u001b[39m \u001b[36mfrom\u001b[39m \u001b[32m'react'\u001b[39m\u001b[33m;\u001b[39m\u001b[0m\n    \u001b[0m \u001b[90m 2 |\u001b[39m \u001b[36mimport\u001b[39m \u001b[33mCodeMirror\u001b[39m \u001b[36mfrom\u001b[39m \u001b[32m'@skidding/react-codemirror'\u001b[39m\u001b[33m;\u001b[39m\u001b[0m\n    \u001b[0m\u001b[31m\u001b[1m>\u001b[22m\u001b[39m\u001b[90m 3 |\u001b[39m \u001b[36mimport\u001b[39m jestJSON \u001b[36mfrom\u001b[39m \u001b[32m'../json/jest-results.json'\u001b[39m\u001b[0m\n    \u001b[0m \u001b[90m   |\u001b[39m \u001b[31m\u001b[1m^\u001b[22m\u001b[39m\u001b[0m\n    \u001b[0m \u001b[90m 4 |\u001b[39m\u001b[0m\n    \u001b[0m \u001b[90m 5 |\u001b[39m \u001b[90m// const jestJSON = require('../jest-results.json');\u001b[39m\u001b[0m\n    \u001b[0m \u001b[90m 6 |\u001b[39m\u001b[0m\n\n      \u001b[2mat Resolver.resolveModule (\u001b[22mnode_modules/jest-resolve/build/index.js\u001b[2m:306:11)\u001b[22m\n      \u001b[2mat Object.<anonymous> (\u001b[22mclient/Console.tsx\u001b[2m:3:1)\u001b[22m\n","name":"C:\\Users\\judyt\\OneDrive\\Desktop\\algoclash\\__tests__\\App.js","startTime":1614870373671,"status":"failed","summary":""}],"wasInterrupted":false}